<?xml version="1.0" encoding="UTF-8"?>
<!-- Generated by org.testng.reporters.JUnitReportReporter -->
<testsuite hostname="DCP73DS1" name="test.HomePage" tests="1" failures="0" timestamp="15 May 2015 11:56:13 GMT" time="2.030" errors="0">
  <testcase name="test_quote_page" time="2.030" classname="test.HomePage"/>
</testsuite> <!-- test.HomePage -->
